Using pre-set license
Built from '2020.3/staging' branch; Version is '2020.3.8f1 (507919d4fff5) revision 5273881'; Using compiler version '192528614'; Build Type 'Release'
OS: 'Windows 10 Pro; OS build 19042.985; Version 2009; 64bit' Language: 'pt' Physical Memory: 16326 MB
BatchMode: 1, IsHumanControllingUs: 0, StartBugReporterOnCrash: 0, Is64bit: 1, IsPro: 0

 COMMAND LINE ARGUMENTS:
C:\Program Files\Unity\Hub\Editor\2020.3.8f1\Editor\Unity.exe
-adb2
-batchMode
-noUpm
-name
AssetImportWorker0
-projectPath
C:/Users/igorr/Documents/workspace/Unity3D/Project Boost
-logFile
Logs/AssetImportWorker0.log
-srvPort
58140
Successfully changed project path to: C:/Users/igorr/Documents/workspace/Unity3D/Project Boost
C:/Users/igorr/Documents/workspace/Unity3D/Project Boost
Using Asset Import Pipeline V2.
Refreshing native plugins compatible for Editor in 24.75 ms, found 0 plugins.
Preloading 0 native plugins for Editor in 0.00 ms.
Initialize engine version: 2020.3.8f1 (507919d4fff5)
[Subsystems] Discovering subsystems at path C:/Program Files/Unity/Hub/Editor/2020.3.8f1/Editor/Data/Resources/UnitySubsystems
[Subsystems] Discovering subsystems at path C:/Users/igorr/Documents/workspace/Unity3D/Project Boost/Assets
GfxDevice: creating device client; threaded=0
Direct3D:
    Version:  Direct3D 11.0 [level 11.1]
    Renderer: NVIDIA GeForce RTX 2060 (ID=0x1f08)
    Vendor:   
    VRAM:     5980 MB
    Driver:   27.21.14.6627
Initialize mono
Mono path[0] = 'C:/Program Files/Unity/Hub/Editor/2020.3.8f1/Editor/Data/Managed'
Mono path[1] = 'C:/Program Files/Unity/Hub/Editor/2020.3.8f1/Editor/Data/MonoBleedingEdge/lib/mono/unityjit'
Mono config path = 'C:/Program Files/Unity/Hub/Editor/2020.3.8f1/Editor/Data/MonoBleedingEdge/etc'
Using monoOptions --debugger-agent=transport=dt_socket,embedding=1,server=y,suspend=n,address=127.0.0.1:56420
Begin MonoManager ReloadAssembly
Registering precompiled unity dll's ...
Register platform support module: C:/Program Files/Unity/Hub/Editor/2020.3.8f1/Editor/Data/PlaybackEngines/WindowsStandaloneSupport/UnityEditor.WindowsStandalone.Extensions.dll
Registered in 0.001750 seconds.
Native extension for WindowsStandalone target not found
Refreshing native plugins compatible for Editor in 21.52 ms, found 0 plugins.
Preloading 0 native plugins for Editor in 0.00 ms.
Mono: successfully reloaded assembly
- Completed reload, in  0.918 seconds
Platform modules already initialized, skipping
Registering precompiled user dll's ...
Registered in 0.000543 seconds.
Begin MonoManager ReloadAssembly
Native extension for WindowsStandalone target not found
Refreshing native plugins compatible for Editor in 0.25 ms, found 0 plugins.
Preloading 0 native plugins for Editor in 0.00 ms.
Mono: successfully reloaded assembly
- Completed reload, in  0.691 seconds
Platform modules already initialized, skipping
========================================================================
Worker process is ready to serve import requests
Launched and connected shader compiler UnityShaderCompiler.exe after 0.04 seconds
Refreshing native plugins compatible for Editor in 0.22 ms, found 0 plugins.
Preloading 0 native plugins for Editor in 0.00 ms.
Unloading 1115 Unused Serialized files (Serialized files now loaded: 0)
System memory in use before: 57.2 MB.
System memory in use after: 57.2 MB.

Unloading 10 unused Assets to reduce memory usage. Loaded Objects now: 1557.
Total: 1.603800 ms (FindLiveObjects: 0.159200 ms CreateObjectMapping: 0.025400 ms MarkObjects: 1.345600 ms  DeleteObjects: 0.072400 ms)

========================================================================
Received Import Request.
  path: Assets
  artifactKey: Guid(00000000000000001000000000000000) Importer(815301076,1909f56bfc062723c751e8b465ee728b)
Start importing Assets using Guid(00000000000000001000000000000000) Importer(815301076,1909f56bfc062723c751e8b465ee728b)  -> (artifact id: '42d402b061de3733987d63b9cc3b64de') in 0.003556 seconds
  Import took 0.005036 seconds .

========================================================================
Received Import Request.
  Time since last request: 3.641922 seconds.
  path: Assets/Material
  artifactKey: Guid(85ccdd0445945a84a9e682d436908a89) Importer(815301076,1909f56bfc062723c751e8b465ee728b)
Start importing Assets/Material using Guid(85ccdd0445945a84a9e682d436908a89) Importer(815301076,1909f56bfc062723c751e8b465ee728b)  -> (artifact id: '119f5aa52b925f830e9abd7f69634c5e') in 0.001788 seconds
  Import took 0.003492 seconds .

========================================================================
Received Import Request.
  Time since last request: 28.592955 seconds.
  path: Assets/Material/Ground.mat
  artifactKey: Guid(a148c18cf64fa70428feaae637ddea0d) Importer(815301076,1909f56bfc062723c751e8b465ee728b)
Start importing Assets/Material/Ground.mat using Guid(a148c18cf64fa70428feaae637ddea0d) Importer(815301076,1909f56bfc062723c751e8b465ee728b)  -> (artifact id: '91b375996b345ac50783b7de03ffac12') in 0.085380 seconds
  Import took 0.087400 seconds .

========================================================================
Received Import Request.
  Time since last request: 82.430178 seconds.
  path: Assets/Material/Launch Pad.mat
  artifactKey: Guid(12947c02a8854504ca08ae2d659127a4) Importer(815301076,1909f56bfc062723c751e8b465ee728b)
Start importing Assets/Material/Launch Pad.mat using Guid(12947c02a8854504ca08ae2d659127a4) Importer(815301076,1909f56bfc062723c751e8b465ee728b)  -> (artifact id: '528406e5f62f2fa815c5f3d0cd767ff2') in 0.010632 seconds
  Import took 0.012659 seconds .

========================================================================
Received Import Request.
  Time since last request: 124.724300 seconds.
  path: Assets/Prefabs
  artifactKey: Guid(b2a34a5dea41bc24c888798076a037c4) Importer(815301076,1909f56bfc062723c751e8b465ee728b)
Start importing Assets/Prefabs using Guid(b2a34a5dea41bc24c888798076a037c4) Importer(815301076,1909f56bfc062723c751e8b465ee728b)  -> (artifact id: '6d56815a5184e6cfd8fb2d7a1143d315') in 0.001806 seconds
  Import took 0.003680 seconds .

========================================================================
Received Import Request.
  Time since last request: 2.020864 seconds.
  path: Assets/Ground.prefab
  artifactKey: Guid(a20cc8cadf90d88479c13c8cf8a4eaaf) Importer(815301076,1909f56bfc062723c751e8b465ee728b)
Start importing Assets/Ground.prefab using Guid(a20cc8cadf90d88479c13c8cf8a4eaaf) Importer(815301076,1909f56bfc062723c751e8b465ee728b)  -> (artifact id: '3eb936db16a2df215dca7fe39fe318db') in 0.018672 seconds
  Import took 0.020857 seconds .

========================================================================
Received Import Request.
  Time since last request: 0.018328 seconds.
  path: Assets/Ground.prefab
  artifactKey: Guid(a20cc8cadf90d88479c13c8cf8a4eaaf) Importer(815301076,1909f56bfc062723c751e8b465ee728b)
Start importing Assets/Ground.prefab using Guid(a20cc8cadf90d88479c13c8cf8a4eaaf) Importer(815301076,1909f56bfc062723c751e8b465ee728b)  -> (artifact id: '3eb936db16a2df215dca7fe39fe318db') in 0.006861 seconds
  Import took 0.008858 seconds .

========================================================================
Received Import Request.
  Time since last request: 1.085008 seconds.
  path: Assets/Launch Pad.prefab
  artifactKey: Guid(e76ec35df2571204cbabc34ccc754caa) Importer(815301076,1909f56bfc062723c751e8b465ee728b)
Start importing Assets/Launch Pad.prefab using Guid(e76ec35df2571204cbabc34ccc754caa) Importer(815301076,1909f56bfc062723c751e8b465ee728b)  -> (artifact id: '23b0af9cd2e83d9732d3b1ea31b7b7cf') in 0.010108 seconds
  Import took 0.012035 seconds .

========================================================================
Received Import Request.
  Time since last request: 0.008145 seconds.
  path: Assets/Launch Pad.prefab
  artifactKey: Guid(e76ec35df2571204cbabc34ccc754caa) Importer(815301076,1909f56bfc062723c751e8b465ee728b)
Start importing Assets/Launch Pad.prefab using Guid(e76ec35df2571204cbabc34ccc754caa) Importer(815301076,1909f56bfc062723c751e8b465ee728b)  -> (artifact id: '23b0af9cd2e83d9732d3b1ea31b7b7cf') in 0.006753 seconds
  Import took 0.008725 seconds .

========================================================================
Received Import Request.
  Time since last request: 22.560622 seconds.
  path: Assets/Landing Pad.prefab
  artifactKey: Guid(337ec93b2ff04ed45b64e90420d1541a) Importer(815301076,1909f56bfc062723c751e8b465ee728b)
Start importing Assets/Landing Pad.prefab using Guid(337ec93b2ff04ed45b64e90420d1541a) Importer(815301076,1909f56bfc062723c751e8b465ee728b)  -> (artifact id: 'a0231f02d42ad131e3909986c4dfc6da') in 0.009479 seconds
  Import took 0.011389 seconds .

========================================================================
Received Import Request.
  Time since last request: 0.019102 seconds.
  path: Assets/Landing Pad.prefab
  artifactKey: Guid(337ec93b2ff04ed45b64e90420d1541a) Importer(815301076,1909f56bfc062723c751e8b465ee728b)
Start importing Assets/Landing Pad.prefab using Guid(337ec93b2ff04ed45b64e90420d1541a) Importer(815301076,1909f56bfc062723c751e8b465ee728b)  -> (artifact id: 'a0231f02d42ad131e3909986c4dfc6da') in 0.011066 seconds
  Import took 0.013317 seconds .

========================================================================
Received Import Request.
  Time since last request: 50.302576 seconds.
  path: Assets/Material/Landing Pad.mat
  artifactKey: Guid(610489ad35bb0174ba03821ec13b47cc) Importer(815301076,1909f56bfc062723c751e8b465ee728b)
Start importing Assets/Material/Landing Pad.mat using Guid(610489ad35bb0174ba03821ec13b47cc) Importer(815301076,1909f56bfc062723c751e8b465ee728b)  -> (artifact id: '9ff0cecea04b8e35c1ef75364d837efc') in 0.009032 seconds
  Import took 0.011380 seconds .

========================================================================
Received Import Request.
  Time since last request: 209.142877 seconds.
  path: Assets/Prefabs/Rocket.prefab
  artifactKey: Guid(73a590443e8a7254b9c010c4639ebd0b) Importer(815301076,1909f56bfc062723c751e8b465ee728b)
Start importing Assets/Prefabs/Rocket.prefab using Guid(73a590443e8a7254b9c010c4639ebd0b) Importer(815301076,1909f56bfc062723c751e8b465ee728b)  -> (artifact id: 'affec04416278e3edf4c2d07bdc0a715') in 0.010072 seconds
  Import took 0.012039 seconds .

========================================================================
Received Import Request.
  Time since last request: 0.010303 seconds.
  path: Assets/Prefabs/Rocket.prefab
  artifactKey: Guid(73a590443e8a7254b9c010c4639ebd0b) Importer(815301076,1909f56bfc062723c751e8b465ee728b)
Start importing Assets/Prefabs/Rocket.prefab using Guid(73a590443e8a7254b9c010c4639ebd0b) Importer(815301076,1909f56bfc062723c751e8b465ee728b)  -> (artifact id: 'affec04416278e3edf4c2d07bdc0a715') in 0.006271 seconds
  Import took 0.008161 seconds .

========================================================================
Received Import Request.
  Time since last request: 8.791272 seconds.
  path: Assets/Material/Rocket.mat
  artifactKey: Guid(8be06549a4d63a243b798ee7eed0c1d1) Importer(815301076,1909f56bfc062723c751e8b465ee728b)
Start importing Assets/Material/Rocket.mat using Guid(8be06549a4d63a243b798ee7eed0c1d1) Importer(815301076,1909f56bfc062723c751e8b465ee728b)  -> (artifact id: '87b9a71a207c46f7ec10ef670e6e9e9f') in 0.014524 seconds
  Import took 0.016532 seconds .

========================================================================
Received Import Request.
  Time since last request: 131.704525 seconds.
  path: Assets/Material/Ground.mat
  artifactKey: Guid(a148c18cf64fa70428feaae637ddea0d) Importer(815301076,1909f56bfc062723c751e8b465ee728b)
Start importing Assets/Material/Ground.mat using Guid(a148c18cf64fa70428feaae637ddea0d) Importer(815301076,1909f56bfc062723c751e8b465ee728b)  -> (artifact id: '57eab371466af77d749901a3c9c4bb65') in 0.013336 seconds
  Import took 0.015356 seconds .

========================================================================
Received Import Request.
  Time since last request: 0.000247 seconds.
  path: Assets/Material/Landing Pad.mat
  artifactKey: Guid(610489ad35bb0174ba03821ec13b47cc) Importer(815301076,1909f56bfc062723c751e8b465ee728b)
Start importing Assets/Material/Landing Pad.mat using Guid(610489ad35bb0174ba03821ec13b47cc) Importer(815301076,1909f56bfc062723c751e8b465ee728b)  -> (artifact id: '0ab13d1f1384f968facadf223363dc50') in 0.022315 seconds
  Import took 0.024285 seconds .

========================================================================
Received Import Request.
  Time since last request: 0.000209 seconds.
  path: Assets/Material/Launch Pad.mat
  artifactKey: Guid(12947c02a8854504ca08ae2d659127a4) Importer(815301076,1909f56bfc062723c751e8b465ee728b)
Start importing Assets/Material/Launch Pad.mat using Guid(12947c02a8854504ca08ae2d659127a4) Importer(815301076,1909f56bfc062723c751e8b465ee728b)  -> (artifact id: '84f8f68693d6af6b667b9189981a91a0') in 0.011043 seconds
  Import took 0.012869 seconds .

========================================================================
Received Import Request.
  Time since last request: 0.000266 seconds.
  path: Assets/Material/Landing Pad.mat
  artifactKey: Guid(610489ad35bb0174ba03821ec13b47cc) Importer(815301076,1909f56bfc062723c751e8b465ee728b)
Start importing Assets/Material/Landing Pad.mat using Guid(610489ad35bb0174ba03821ec13b47cc) Importer(815301076,1909f56bfc062723c751e8b465ee728b)  -> (artifact id: '0ab13d1f1384f968facadf223363dc50') in 0.014606 seconds
  Import took 0.016626 seconds .

========================================================================
Received Import Request.
  Time since last request: 0.000298 seconds.
  path: Assets/Material/Launch Pad.mat
  artifactKey: Guid(12947c02a8854504ca08ae2d659127a4) Importer(815301076,1909f56bfc062723c751e8b465ee728b)
Start importing Assets/Material/Launch Pad.mat using Guid(12947c02a8854504ca08ae2d659127a4) Importer(815301076,1909f56bfc062723c751e8b465ee728b)  -> (artifact id: '84f8f68693d6af6b667b9189981a91a0') in 0.010742 seconds
  Import took 0.012641 seconds .

========================================================================
Received Import Request.
  Time since last request: 0.000243 seconds.
  path: Assets/Material/Rocket.mat
  artifactKey: Guid(8be06549a4d63a243b798ee7eed0c1d1) Importer(815301076,1909f56bfc062723c751e8b465ee728b)
Start importing Assets/Material/Rocket.mat using Guid(8be06549a4d63a243b798ee7eed0c1d1) Importer(815301076,1909f56bfc062723c751e8b465ee728b)  -> (artifact id: '1d43e105503c4fc079e5ac67cf0eca5f') in 0.010027 seconds
  Import took 0.011894 seconds .

========================================================================
Received Import Request.
  Time since last request: 11.752220 seconds.
  path: Assets/Scenes/SampleScene.unity
  artifactKey: Guid(9fc0d4010bbf28b4594072e72b8655ab) Importer(815301076,1909f56bfc062723c751e8b465ee728b)
Start importing Assets/Scenes/SampleScene.unity using Guid(9fc0d4010bbf28b4594072e72b8655ab) Importer(815301076,1909f56bfc062723c751e8b465ee728b)  -> (artifact id: '0cc9d58d47fbec5fd074965455604841') in 0.002307 seconds
  Import took 0.004746 seconds .

========================================================================
Received Import Request.
  Time since last request: 4.632012 seconds.
  path: Assets/Scenes/Sandbox.unity
  artifactKey: Guid(9fc0d4010bbf28b4594072e72b8655ab) Importer(815301076,1909f56bfc062723c751e8b465ee728b)
Start importing Assets/Scenes/Sandbox.unity using Guid(9fc0d4010bbf28b4594072e72b8655ab) Importer(815301076,1909f56bfc062723c751e8b465ee728b)  -> (artifact id: '6517bc08cb4c04e62b9ca0623d41f8a9') in 0.002022 seconds
  Import took 0.003959 seconds .

AssetImportWorkerClient::OnTransportError - code=2 error=End of file
